
 Reading in atomic coordinates file
 particle number....................                32000
 lx, ly, lz.........................   29.061309999999999        29.061309999999999        29.061309999999999     

 calling voro++

 Bond order analysis using standard Voronoi tessellation
 number of bonds .............               223323
 average_q..........................   5.2291210488843518     
 average coordination (Eueler) .....   15.566646336150571     
 average coordination...............   14.000000000000000     

 histogram of bond order
                    3                  684  0.30628282801144530     
                    4                30519   13.665856181405408     
                    5               119991   53.729799438481479     
                    6                62315   27.903529864814640     
                    7                 8790   3.9360030090944504     
                    8                  941  0.42136277947188600     
                    9                   79   3.5374771071497335E-002
                   10                    3   1.3433457368923040E-003
                   11                    1   4.4778191229743466E-004

 calling modRV
 iteration..........................                    1
 number of excluded bonds...........                 3873
 iteration..........................                    2
 number of excluded bonds...........                   16
 iteration..........................                    3
 number of excluded bonds...........                    0

 Bond order analysis using modified Voronoi tessellation
 number of bonds .............               219650
 average_q..........................   5.1258001365809243     
 average coordination (Eueler) .....   13.726838108927289     
 average coordination...............   13.652000000000001     

 histogram of bond order
                    2                    2   9.1053949465058051E-004
                    3                    8   3.6421579786023220E-003
                    4                32176   14.648759389938538     
                    5               129126   58.787161393125430     
                    6                56851   25.882540405190074     
                    7                 1482  0.67470976553608009     
                    8                    5   2.2763487366264513E-003

 SU2 histogram
 ( 0,12, 0) 0.8468750000E-01
 ( 0,12, 2) 0.1412500000E-01
 ( 0,12, 3) 0.1306250000E-01
 ( 0,12, 4) 0.7156250000E-02
 ( 0,12, 5) 0.2093750000E-02
 ( 0,12, 6) 0.6250000000E-03
 ( 1,10, 2) 0.7134375000E-01
 ( 1,10, 3) 0.3728125000E-01
 ( 1,10, 4) 0.4662500000E-01
 ( 1,10, 5) 0.2787500000E-01
 ( 1,10, 6) 0.8500000000E-02
 ( 1,10, 7) 0.1593750000E-02
 ( 2, 8, 0) 0.7468750000E-02
 ( 2, 8, 1) 0.4028125000E-01
 ( 2, 8, 2) 0.8793750000E-01
 ( 2, 8, 3) 0.3050000000E-01
 ( 2, 8, 4) 0.6415625000E-01
 ( 2, 8, 5) 0.5690625000E-01
 ( 2, 8, 6) 0.3487500000E-01
 ( 2, 8, 7) 0.9500000000E-02
 ( 2, 8, 8) 0.1125000000E-02
 ( 3, 6, 0) 0.8125000000E-03
 ( 3, 6, 1) 0.4062500000E-02
 ( 3, 6, 2) 0.6593750000E-02
 ( 3, 6, 3) 0.3084375000E-01
 ( 3, 6, 4) 0.7068750000E-01
 ( 3, 6, 5) 0.3281250000E-01
 ( 3, 6, 6) 0.3225000000E-01
 ( 3, 6, 7) 0.1506250000E-01
 ( 3, 6, 8) 0.3531250000E-02
 ( 3, 6, 9) 0.5937500000E-03
  other  0.15503125000000001     
